Build started 12/23/2015 12:48:57 AM.
     1>Project "C:\Users\Song\Documents\GitHubVisualStudio\CppDemo\DIP_Lab1\DIP_Lab1\DIP_Lab1.vcxproj" on node 2 (Build target(s)).
     1>ClCompile:
         C:\Program Files (x86)\Microsoft Visual Studio 14.0\VC\bin\CL.exe /c /Zi /nologo /W3 /WX- /sdl /O2 /Oi /Oy- /GL /D WIN32 /D NDEBUG /D _CONSOLE /D _UNICODE /D UNICODE /Gm- /EHsc /MD /GS /Gy /fp:precise /Zc:wchar_t /Zc:forScope /Zc:inline /Fo"Release\\" /Fd"Release\vc140.pdb" /Gd /TP /analyze- /errorReport:prompt Source.cpp
         Source.cpp
     1>Source.cpp(53): warning C4018: '<': signed/unsigned mismatch
     1>Source.cpp(55): warning C4018: '<': signed/unsigned mismatch
     1>Source.cpp(70): warning C4018: '<': signed/unsigned mismatch
     1>Source.cpp(72): warning C4018: '<': signed/unsigned mismatch
     1>Source.cpp(19): warning C4101: 'b': unreferenced local variable
     1>Source.cpp(24): warning C4101: 'bitCorlorUsed': unreferenced local variable
     1>Source.cpp(19): warning C4101: 'pix': unreferenced local variable
     1>Source.cpp(19): warning C4101: 'g': unreferenced local variable
     1>Source.cpp(19): warning C4101: 'r': unreferenced local variable
     1>Source.cpp(115): warning C4244: '=': conversion from 'double' to 'unsigned char', possible loss of data
     1>Source.cpp(119): warning C4244: '=': conversion from 'double' to 'unsigned char', possible loss of data
     1>Source.cpp(123): warning C4244: '=': conversion from 'double' to 'unsigned char', possible loss of data
       Link:
         C:\Program Files (x86)\Microsoft Visual Studio 14.0\VC\bin\link.exe /ERRORREPORT:PROMPT /OUT:"C:\Users\Song\Documents\GitHubVisualStudio\CppDemo\DIP_Lab1\Release\DIP_Lab1.exe" /INCREMENTAL:NO /NOLOGO kernel32.lib user32.lib gdi32.lib winspool.lib comdlg32.lib advapi32.lib shell32.lib ole32.lib oleaut32.lib uuid.lib odbc32.lib odbccp32.lib /MANIFEST /MANIFESTUAC:"level='asInvoker' uiAccess='false'" /manifest:embed /Debug /PDB:"C:\Users\Song\Documents\GitHubVisualStudio\CppDemo\DIP_Lab1\Release\DIP_Lab1.pdb" /SUBSYSTEM:CONSOLE /OPT:REF /OPT:ICF /LTCG:incremental /TLBID:1 /DYNAMICBASE /NXCOMPAT /IMPLIB:"C:\Users\Song\Documents\GitHubVisualStudio\CppDemo\DIP_Lab1\Release\DIP_Lab1.lib" /MACHINE:X86 /SAFESEH Release\Source.obj
         Generating code
         1 of 33 functions ( 3.0%) were compiled, the rest were copied from previous compilation.
           0 functions were new in current compilation
           0 functions had inline decision re-evaluated but remain unchanged
         Finished generating code
         DIP_Lab1.vcxproj -> C:\Users\Song\Documents\GitHubVisualStudio\CppDemo\DIP_Lab1\Release\DIP_Lab1.exe
     1>Done Building Project "C:\Users\Song\Documents\GitHubVisualStudio\CppDemo\DIP_Lab1\DIP_Lab1\DIP_Lab1.vcxproj" (Build target(s)).

Build succeeded.

Time Elapsed 00:00:00.94
